<?xml version="1.0" encoding="UTF-8"?>
<!-- Generated by org.testng.reporters.JUnitReportReporter -->
<testsuite hostname="MEXNBK43" failures="0" tests="1" name="Test.TestNG_Demo" time="2.314" errors="0" timestamp="22 Aug. 2019 09:10:17 GMT" skipped="0">
  <testcase classname="Test.TestNG_Demo" name="googleSearch" time="2.314"/>
</testsuite> <!-- Test.TestNG_Demo -->
